[debug] [2025-05-13T07:45:11.209Z] ----------------------------------------------------------------------
[debug] [2025-05-13T07:45:11.212Z] Command:       C:\Program Files\nodejs\node.exe C:\Users\atsus\AppData\Roaming\npm\node_modules\firebase-tools\lib\bin\firebase.js init
[debug] [2025-05-13T07:45:11.213Z] CLI Version:   14.3.1
[debug] [2025-05-13T07:45:11.213Z] Platform:      win32
[debug] [2025-05-13T07:45:11.213Z] Node Version:  v20.18.3
[debug] [2025-05-13T07:45:11.213Z] Time:          Tue May 13 2025 16:45:11 GMT+0900 (日本標準時)
[debug] [2025-05-13T07:45:11.213Z] ----------------------------------------------------------------------
[debug] 
[debug] [2025-05-13T07:45:11.601Z] > command requires scopes: ["email","openid","https://www.googleapis.com/auth/cloudplatformprojects.readonly","https://www.googleapis.com/auth/firebase","https://www.googleapis.com/auth/cloud-platform"]
[debug] [2025-05-13T07:45:11.602Z] > authorizing via signed-in user (atsushi.usui@pathoslogos.co.jp)
[info] 
     ######## #### ########  ######## ########     ###     ######  ########
     ##        ##  ##     ## ##       ##     ##  ##   ##  ##       ##
     ######    ##  ########  ######   ########  #########  ######  ######
     ##        ##  ##    ##  ##       ##     ## ##     ##       ## ##
     ##       #### ##     ## ######## ########  ##     ##  ######  ########

You're about to initialize a Firebase project in this directory:

  C:\Users\atsus\github\task-management-app\task-management-app

Before we get started, keep in mind:

  * You are initializing within an existing Firebase project directory

